<?xml version="1.0" encoding="UTF-8"?>
<!-- Generated by org.testng.reporters.JUnitReportReporter -->
<testsuite skipped="0" hostname="freekksp.local" name="test.users.SearchUsers" tests="2" failures="0" timestamp="2022-08-27T12:18:26 CEST" time="30.466" errors="0">
  <testcase name="verifySearchUser" time="11.124" classname="test.users.SearchUsers"/>
  <system-out/>
  <testcase name="verifySpecificUser" time="19.342" classname="test.users.SearchUsers"/>
  <system-out/>
</testsuite> <!-- test.users.SearchUsers -->
