<?xml version="1.0" encoding="UTF-8"?>
<!-- Generated by org.testng.reporters.JUnitReportReporter -->
<testsuite skipped="0" hostname="freekksp.local" name="test.users.SearchUsersTest" tests="1" failures="0" timestamp="2022-08-27T13:29:19 CEST" time="1.546" errors="0">
  <testcase name="verifySearchUserStatusCode" time="1.546" classname="test.users.SearchUsersTest"/>
  <system-out/>
</testsuite> <!-- test.users.SearchUsersTest -->
