<?xml version="1.0" encoding="UTF-8"?>
<!-- Generated by org.testng.reporters.JUnitReportReporter -->
<testsuite skipped="0" hostname="freekksp.local" name="test.posts.SearchPosts" tests="1" failures="0" timestamp="2022-08-27T12:45:33 CEST" time="9.436" errors="0">
  <testcase name="verifyPosts" time="9.436" classname="test.posts.SearchPosts"/>
  <system-out/>
</testsuite> <!-- test.posts.SearchPosts -->
